[20-Apr-2024 18:33:10] NOTICE: fpm is running, pid 22226
[20-Apr-2024 18:33:10] NOTICE: ready to handle connections
[23-Apr-2024 12:36:47] NOTICE: Terminating ...
[23-Apr-2024 12:36:47] NOTICE: Terminating ...
[23-Apr-2024 12:36:47] NOTICE: exiting, bye-bye!
[23-Apr-2024 12:36:51] NOTICE: fpm is running, pid 32895
[23-Apr-2024 12:36:51] NOTICE: ready to handle connections
[23-Apr-2024 16:18:14] NOTICE: Terminating ...
[23-Apr-2024 16:18:14] NOTICE: Terminating ...
[23-Apr-2024 16:18:14] NOTICE: exiting, bye-bye!
[23-Apr-2024 16:18:18] NOTICE: fpm is running, pid 34479
[23-Apr-2024 16:18:18] NOTICE: ready to handle connections
[26-Apr-2024 15:02:52] NOTICE: fpm is running, pid 82566
[26-Apr-2024 15:02:52] NOTICE: ready to handle connections
[26-Apr-2024 18:34:57] NOTICE: Terminating ...
[26-Apr-2024 18:34:57] NOTICE: Terminating ...
[26-Apr-2024 18:34:57] NOTICE: exiting, bye-bye!
[26-Apr-2024 18:35:00] NOTICE: fpm is running, pid 88016
[26-Apr-2024 18:35:00] NOTICE: ready to handle connections
[26-Apr-2024 20:25:04] NOTICE: Terminating ...
[26-Apr-2024 20:25:04] NOTICE: Terminating ...
[26-Apr-2024 20:25:04] NOTICE: exiting, bye-bye!
[26-Apr-2024 20:25:06] NOTICE: fpm is running, pid 94122
[26-Apr-2024 20:25:06] NOTICE: ready to handle connections
[01-May-2024 15:47:10] NOTICE: Terminating ...
[01-May-2024 15:47:10] NOTICE: Terminating ...
[01-May-2024 15:47:10] NOTICE: exiting, bye-bye!
[01-May-2024 15:47:13] NOTICE: fpm is running, pid 25176
[01-May-2024 15:47:13] NOTICE: ready to handle connections
